/home/rio/PycharmProjects/BISK_RFv3/.venv/lib/python3.11/site-packages/albumentations/__init__.py:28: UserWarning: A new version of Albumentations is available: '2.0.8' (you have '2.0.5'). Upgrade using: pip install -U albumentations. To disable automatic update checks, set the environment variable NO_ALBUMENTATIONS_UPDATE to 1.
check_for_updates()
🟨 FINAL TEXT CONFIG — COLOR: (255, 255, 255), BG: (0, 0, 0), BOLD: True, SIZE: 0.5
Applied providers: ['CUDAExecutionProvider', 'CPUExecutionProvider'], with options: {'CPUExecutionProvider': {}, 'CUDAExecutionProvider': {'sdpa_kernel': '0', 'use_tf32': '1', 'fuse_conv_bias': '0', 'prefer_nhwc': '0', 'tunable_op_max_tuning_duration_ms': '0', 'enable_skip_layer_norm_strict_mode': '0', 'tunable_op_tuning_enable': '0', 'tunable_op_enable': '0', 'use_ep_level_unified_stream': '0', 'device_id': '0', 'has_user_compute_stream': '0', 'gpu_external_empty_cache': '0', 'cudnn_conv_algo_search': 'EXHAUSTIVE', 'cudnn_conv1d_pad_to_nc1d': '0', 'gpu_mem_limit': '18446744073709551615', 'gpu_external_alloc': '0', 'gpu_external_free': '0', 'arena_extend_strategy': 'kNextPowerOfTwo', 'do_copy_in_default_stream': '1', 'enable_cuda_graph': '0', 'user_compute_stream': '0', 'cudnn_conv_use_max_workspace': '1'}}
find model: /home/rio/.insightface/models/buffalo_l/1k3d68.onnx landmark_3d_68 ['None', 3, 192, 192] 0.0 1.0
Applied providers: ['CUDAExecutionProvider', 'CPUExecutionProvider'], with options: {'CPUExecutionProvider': {}, 'CUDAExecutionProvider': {'sdpa_kernel': '0', 'use_tf32': '1', 'fuse_conv_bias': '0', 'prefer_nhwc': '0', 'tunable_op_max_tuning_duration_ms': '0', 'enable_skip_layer_norm_strict_mode': '0', 'tunable_op_tuning_enable': '0', 'tunable_op_enable': '0', 'use_ep_level_unified_stream': '0', 'device_id': '0', 'has_user_compute_stream': '0', 'gpu_external_empty_cache': '0', 'cudnn_conv_algo_search': 'EXHAUSTIVE', 'cudnn_conv1d_pad_to_nc1d': '0', 'gpu_mem_limit': '18446744073709551615', 'gpu_external_alloc': '0', 'gpu_external_free': '0', 'arena_extend_strategy': 'kNextPowerOfTwo', 'do_copy_in_default_stream': '1', 'enable_cuda_graph': '0', 'user_compute_stream': '0', 'cudnn_conv_use_max_workspace': '1'}}
find model: /home/rio/.insightface/models/buffalo_l/2d106det.onnx landmark_2d_106 ['None', 3, 192, 192] 0.0 1.0
Applied providers: ['CUDAExecutionProvider', 'CPUExecutionProvider'], with options: {'CPUExecutionProvider': {}, 'CUDAExecutionProvider': {'sdpa_kernel': '0', 'use_tf32': '1', 'fuse_conv_bias': '0', 'prefer_nhwc': '0', 'tunable_op_max_tuning_duration_ms': '0', 'enable_skip_layer_norm_strict_mode': '0', 'tunable_op_tuning_enable': '0', 'tunable_op_enable': '0', 'use_ep_level_unified_stream': '0', 'device_id': '0', 'has_user_compute_stream': '0', 'gpu_external_empty_cache': '0', 'cudnn_conv_algo_search': 'EXHAUSTIVE', 'cudnn_conv1d_pad_to_nc1d': '0', 'gpu_mem_limit': '18446744073709551615', 'gpu_external_alloc': '0', 'gpu_external_free': '0', 'arena_extend_strategy': 'kNextPowerOfTwo', 'do_copy_in_default_stream': '1', 'enable_cuda_graph': '0', 'user_compute_stream': '0', 'cudnn_conv_use_max_workspace': '1'}}
find model: /home/rio/.insightface/models/buffalo_l/det_10g.onnx detection [1, 3, '?', '?'] 127.5 128.0
Applied providers: ['CUDAExecutionProvider', 'CPUExecutionProvider'], with options: {'CPUExecutionProvider': {}, 'CUDAExecutionProvider': {'sdpa_kernel': '0', 'use_tf32': '1', 'fuse_conv_bias': '0', 'prefer_nhwc': '0', 'tunable_op_max_tuning_duration_ms': '0', 'enable_skip_layer_norm_strict_mode': '0', 'tunable_op_tuning_enable': '0', 'tunable_op_enable': '0', 'use_ep_level_unified_stream': '0', 'device_id': '0', 'has_user_compute_stream': '0', 'gpu_external_empty_cache': '0', 'cudnn_conv_algo_search': 'EXHAUSTIVE', 'cudnn_conv1d_pad_to_nc1d': '0', 'gpu_mem_limit': '18446744073709551615', 'gpu_external_alloc': '0', 'gpu_external_free': '0', 'arena_extend_strategy': 'kNextPowerOfTwo', 'do_copy_in_default_stream': '1', 'enable_cuda_graph': '0', 'user_compute_stream': '0', 'cudnn_conv_use_max_workspace': '1'}}
find model: /home/rio/.insightface/models/buffalo_l/genderage.onnx genderage ['None', 3, 96, 96] 0.0 1.0
Applied providers: ['CUDAExecutionProvider', 'CPUExecutionProvider'], with options: {'CPUExecutionProvider': {}, 'CUDAExecutionProvider': {'sdpa_kernel': '0', 'use_tf32': '1', 'fuse_conv_bias': '0', 'prefer_nhwc': '0', 'tunable_op_max_tuning_duration_ms': '0', 'enable_skip_layer_norm_strict_mode': '0', 'tunable_op_tuning_enable': '0', 'tunable_op_enable': '0', 'use_ep_level_unified_stream': '0', 'device_id': '0', 'has_user_compute_stream': '0', 'gpu_external_empty_cache': '0', 'cudnn_conv_algo_search': 'EXHAUSTIVE', 'cudnn_conv1d_pad_to_nc1d': '0', 'gpu_mem_limit': '18446744073709551615', 'gpu_external_alloc': '0', 'gpu_external_free': '0', 'arena_extend_strategy': 'kNextPowerOfTwo', 'do_copy_in_default_stream': '1', 'enable_cuda_graph': '0', 'user_compute_stream': '0', 'cudnn_conv_use_max_workspace': '1'}}
find model: /home/rio/.insightface/models/buffalo_l/w600k_r50.onnx recognition ['None', 3, 112, 112] 127.5 127.5
set det-size: (1024, 1024)
Applied providers: ['CUDAExecutionProvider', 'CPUExecutionProvider'], with options: {'CPUExecutionProvider': {}, 'CUDAExecutionProvider': {'sdpa_kernel': '0', 'use_tf32': '1', 'fuse_conv_bias': '0', 'prefer_nhwc': '0', 'tunable_op_max_tuning_duration_ms': '0', 'enable_skip_layer_norm_strict_mode': '0', 'tunable_op_tuning_enable': '0', 'tunable_op_enable': '0', 'use_ep_level_unified_stream': '0', 'device_id': '0', 'has_user_compute_stream': '0', 'gpu_external_empty_cache': '0', 'cudnn_conv_algo_search': 'EXHAUSTIVE', 'cudnn_conv1d_pad_to_nc1d': '0', 'gpu_mem_limit': '18446744073709551615', 'gpu_external_alloc': '0', 'gpu_external_free': '0', 'arena_extend_strategy': 'kNextPowerOfTwo', 'do_copy_in_default_stream': '1', 'enable_cuda_graph': '0', 'user_compute_stream': '0', 'cudnn_conv_use_max_workspace': '1'}}
find model: /home/rio/.insightface/models/buffalo_l/1k3d68.onnx landmark_3d_68 ['None', 3, 192, 192] 0.0 1.0
Applied providers: ['CUDAExecutionProvider', 'CPUExecutionProvider'], with options: {'CPUExecutionProvider': {}, 'CUDAExecutionProvider': {'sdpa_kernel': '0', 'use_tf32': '1', 'fuse_conv_bias': '0', 'prefer_nhwc': '0', 'tunable_op_max_tuning_duration_ms': '0', 'enable_skip_layer_norm_strict_mode': '0', 'tunable_op_tuning_enable': '0', 'tunable_op_enable': '0', 'use_ep_level_unified_stream': '0', 'device_id': '0', 'has_user_compute_stream': '0', 'gpu_external_empty_cache': '0', 'cudnn_conv_algo_search': 'EXHAUSTIVE', 'cudnn_conv1d_pad_to_nc1d': '0', 'gpu_mem_limit': '18446744073709551615', 'gpu_external_alloc': '0', 'gpu_external_free': '0', 'arena_extend_strategy': 'kNextPowerOfTwo', 'do_copy_in_default_stream': '1', 'enable_cuda_graph': '0', 'user_compute_stream': '0', 'cudnn_conv_use_max_workspace': '1'}}
find model: /home/rio/.insightface/models/buffalo_l/2d106det.onnx landmark_2d_106 ['None', 3, 192, 192] 0.0 1.0
Applied providers: ['CUDAExecutionProvider', 'CPUExecutionProvider'], with options: {'CPUExecutionProvider': {}, 'CUDAExecutionProvider': {'sdpa_kernel': '0', 'use_tf32': '1', 'fuse_conv_bias': '0', 'prefer_nhwc': '0', 'tunable_op_max_tuning_duration_ms': '0', 'enable_skip_layer_norm_strict_mode': '0', 'tunable_op_tuning_enable': '0', 'tunable_op_enable': '0', 'use_ep_level_unified_stream': '0', 'device_id': '0', 'has_user_compute_stream': '0', 'gpu_external_empty_cache': '0', 'cudnn_conv_algo_search': 'EXHAUSTIVE', 'cudnn_conv1d_pad_to_nc1d': '0', 'gpu_mem_limit': '18446744073709551615', 'gpu_external_alloc': '0', 'gpu_external_free': '0', 'arena_extend_strategy': 'kNextPowerOfTwo', 'do_copy_in_default_stream': '1', 'enable_cuda_graph': '0', 'user_compute_stream': '0', 'cudnn_conv_use_max_workspace': '1'}}
find model: /home/rio/.insightface/models/buffalo_l/det_10g.onnx detection [1, 3, '?', '?'] 127.5 128.0
Applied providers: ['CUDAExecutionProvider', 'CPUExecutionProvider'], with options: {'CPUExecutionProvider': {}, 'CUDAExecutionProvider': {'sdpa_kernel': '0', 'use_tf32': '1', 'fuse_conv_bias': '0', 'prefer_nhwc': '0', 'tunable_op_max_tuning_duration_ms': '0', 'enable_skip_layer_norm_strict_mode': '0', 'tunable_op_tuning_enable': '0', 'tunable_op_enable': '0', 'use_ep_level_unified_stream': '0', 'device_id': '0', 'has_user_compute_stream': '0', 'gpu_external_empty_cache': '0', 'cudnn_conv_algo_search': 'EXHAUSTIVE', 'cudnn_conv1d_pad_to_nc1d': '0', 'gpu_mem_limit': '18446744073709551615', 'gpu_external_alloc': '0', 'gpu_external_free': '0', 'arena_extend_strategy': 'kNextPowerOfTwo', 'do_copy_in_default_stream': '1', 'enable_cuda_graph': '0', 'user_compute_stream': '0', 'cudnn_conv_use_max_workspace': '1'}}
find model: /home/rio/.insightface/models/buffalo_l/genderage.onnx genderage ['None', 3, 96, 96] 0.0 1.0
Applied providers: ['CUDAExecutionProvider', 'CPUExecutionProvider'], with options: {'CPUExecutionProvider': {}, 'CUDAExecutionProvider': {'sdpa_kernel': '0', 'use_tf32': '1', 'fuse_conv_bias': '0', 'prefer_nhwc': '0', 'tunable_op_max_tuning_duration_ms': '0', 'enable_skip_layer_norm_strict_mode': '0', 'tunable_op_tuning_enable': '0', 'tunable_op_enable': '0', 'use_ep_level_unified_stream': '0', 'device_id': '0', 'has_user_compute_stream': '0', 'gpu_external_empty_cache': '0', 'cudnn_conv_algo_search': 'EXHAUSTIVE', 'cudnn_conv1d_pad_to_nc1d': '0', 'gpu_mem_limit': '18446744073709551615', 'gpu_external_alloc': '0', 'gpu_external_free': '0', 'arena_extend_strategy': 'kNextPowerOfTwo', 'do_copy_in_default_stream': '1', 'enable_cuda_graph': '0', 'user_compute_stream': '0', 'cudnn_conv_use_max_workspace': '1'}}
find model: /home/rio/.insightface/models/buffalo_l/w600k_r50.onnx recognition ['None', 3, 112, 112] 127.5 127.5
set det-size: (800, 800)
🟢 Script started...
🔍 Sorting faces...

Progress |█-----------------------------| 3% Complete
Progress |██----------------------------| 7% Complete
Progress |███---------------------------| 10% Complete
Progress |████--------------------------| 13% Complete
Progress |█████-------------------------| 17% Complete
Progress |██████------------------------| 20% Complete
Progress |███████-----------------------| 23% Complete
Progress |████████----------------------| 27% Complete
Progress |█████████---------------------| 30% Complete
Progress |██████████--------------------| 33% Complete
Progress |███████████-------------------| 37% Complete
Progress |████████████------------------| 40% Complete
Progress |█████████████-----------------| 43% Complete
Progress |██████████████----------------| 47% Complete
Progress |███████████████---------------| 50% Complete
Progress |████████████████--------------| 53% Complete
Progress |█████████████████-------------| 57% Complete
Progress |██████████████████------------| 60% Complete
Progress |███████████████████-----------| 63% Complete
Progress |████████████████████----------| 67% Complete
Progress |█████████████████████---------| 70% Complete
Progress |██████████████████████--------| 73% Complete
Progress |███████████████████████-------| 77% Complete
Progress |████████████████████████------| 80% Complete
Progress |█████████████████████████-----| 83% Complete
Progress |██████████████████████████----| 87% Complete
Progress |███████████████████████████---| 90% Complete
Progress |████████████████████████████--| 93% Complete
Progress |█████████████████████████████-| 97% Complete
Progress |██████████████████████████████| 100% Complete✅ Sorting loop completed, preparing summary.
📁 Output: media/Sorted faces (2025-05-31 15-11-52)
✅ Sorting complete.
✅ Script completed.
✅ Script completed.
