/home/rio/PycharmProjects/BISK_RFv3/.venv/lib/python3.11/site-packages/albumentations/__init__.py:28: UserWarning: A new version of Albumentations is available: '2.0.8' (you have '2.0.5'). Upgrade using: pip install -U albumentations. To disable automatic update checks, set the environment variable NO_ALBUMENTATIONS_UPDATE to 1.
check_for_updates()
🟨 FINAL TEXT CONFIG — COLOR: (255, 255, 255), BG: (0, 0, 0), BOLD: True, SIZE: 0.5
Applied providers: ['CUDAExecutionProvider', 'CPUExecutionProvider'], with options: {'CPUExecutionProvider': {}, 'CUDAExecutionProvider': {'sdpa_kernel': '0', 'use_tf32': '1', 'fuse_conv_bias': '0', 'prefer_nhwc': '0', 'tunable_op_max_tuning_duration_ms': '0', 'enable_skip_layer_norm_strict_mode': '0', 'tunable_op_tuning_enable': '0', 'tunable_op_enable': '0', 'use_ep_level_unified_stream': '0', 'device_id': '0', 'has_user_compute_stream': '0', 'gpu_external_empty_cache': '0', 'cudnn_conv_algo_search': 'EXHAUSTIVE', 'cudnn_conv1d_pad_to_nc1d': '0', 'gpu_mem_limit': '18446744073709551615', 'gpu_external_alloc': '0', 'gpu_external_free': '0', 'arena_extend_strategy': 'kNextPowerOfTwo', 'do_copy_in_default_stream': '1', 'enable_cuda_graph': '0', 'user_compute_stream': '0', 'cudnn_conv_use_max_workspace': '1'}}
find model: /home/rio/.insightface/models/buffalo_l/1k3d68.onnx landmark_3d_68 ['None', 3, 192, 192] 0.0 1.0
Applied providers: ['CUDAExecutionProvider', 'CPUExecutionProvider'], with options: {'CPUExecutionProvider': {}, 'CUDAExecutionProvider': {'sdpa_kernel': '0', 'use_tf32': '1', 'fuse_conv_bias': '0', 'prefer_nhwc': '0', 'tunable_op_max_tuning_duration_ms': '0', 'enable_skip_layer_norm_strict_mode': '0', 'tunable_op_tuning_enable': '0', 'tunable_op_enable': '0', 'use_ep_level_unified_stream': '0', 'device_id': '0', 'has_user_compute_stream': '0', 'gpu_external_empty_cache': '0', 'cudnn_conv_algo_search': 'EXHAUSTIVE', 'cudnn_conv1d_pad_to_nc1d': '0', 'gpu_mem_limit': '18446744073709551615', 'gpu_external_alloc': '0', 'gpu_external_free': '0', 'arena_extend_strategy': 'kNextPowerOfTwo', 'do_copy_in_default_stream': '1', 'enable_cuda_graph': '0', 'user_compute_stream': '0', 'cudnn_conv_use_max_workspace': '1'}}
find model: /home/rio/.insightface/models/buffalo_l/2d106det.onnx landmark_2d_106 ['None', 3, 192, 192] 0.0 1.0
Applied providers: ['CUDAExecutionProvider', 'CPUExecutionProvider'], with options: {'CPUExecutionProvider': {}, 'CUDAExecutionProvider': {'sdpa_kernel': '0', 'use_tf32': '1', 'fuse_conv_bias': '0', 'prefer_nhwc': '0', 'tunable_op_max_tuning_duration_ms': '0', 'enable_skip_layer_norm_strict_mode': '0', 'tunable_op_tuning_enable': '0', 'tunable_op_enable': '0', 'use_ep_level_unified_stream': '0', 'device_id': '0', 'has_user_compute_stream': '0', 'gpu_external_empty_cache': '0', 'cudnn_conv_algo_search': 'EXHAUSTIVE', 'cudnn_conv1d_pad_to_nc1d': '0', 'gpu_mem_limit': '18446744073709551615', 'gpu_external_alloc': '0', 'gpu_external_free': '0', 'arena_extend_strategy': 'kNextPowerOfTwo', 'do_copy_in_default_stream': '1', 'enable_cuda_graph': '0', 'user_compute_stream': '0', 'cudnn_conv_use_max_workspace': '1'}}
find model: /home/rio/.insightface/models/buffalo_l/det_10g.onnx detection [1, 3, '?', '?'] 127.5 128.0
Applied providers: ['CUDAExecutionProvider', 'CPUExecutionProvider'], with options: {'CPUExecutionProvider': {}, 'CUDAExecutionProvider': {'sdpa_kernel': '0', 'use_tf32': '1', 'fuse_conv_bias': '0', 'prefer_nhwc': '0', 'tunable_op_max_tuning_duration_ms': '0', 'enable_skip_layer_norm_strict_mode': '0', 'tunable_op_tuning_enable': '0', 'tunable_op_enable': '0', 'use_ep_level_unified_stream': '0', 'device_id': '0', 'has_user_compute_stream': '0', 'gpu_external_empty_cache': '0', 'cudnn_conv_algo_search': 'EXHAUSTIVE', 'cudnn_conv1d_pad_to_nc1d': '0', 'gpu_mem_limit': '18446744073709551615', 'gpu_external_alloc': '0', 'gpu_external_free': '0', 'arena_extend_strategy': 'kNextPowerOfTwo', 'do_copy_in_default_stream': '1', 'enable_cuda_graph': '0', 'user_compute_stream': '0', 'cudnn_conv_use_max_workspace': '1'}}
find model: /home/rio/.insightface/models/buffalo_l/genderage.onnx genderage ['None', 3, 96, 96] 0.0 1.0
Applied providers: ['CUDAExecutionProvider', 'CPUExecutionProvider'], with options: {'CPUExecutionProvider': {}, 'CUDAExecutionProvider': {'sdpa_kernel': '0', 'use_tf32': '1', 'fuse_conv_bias': '0', 'prefer_nhwc': '0', 'tunable_op_max_tuning_duration_ms': '0', 'enable_skip_layer_norm_strict_mode': '0', 'tunable_op_tuning_enable': '0', 'tunable_op_enable': '0', 'use_ep_level_unified_stream': '0', 'device_id': '0', 'has_user_compute_stream': '0', 'gpu_external_empty_cache': '0', 'cudnn_conv_algo_search': 'EXHAUSTIVE', 'cudnn_conv1d_pad_to_nc1d': '0', 'gpu_mem_limit': '18446744073709551615', 'gpu_external_alloc': '0', 'gpu_external_free': '0', 'arena_extend_strategy': 'kNextPowerOfTwo', 'do_copy_in_default_stream': '1', 'enable_cuda_graph': '0', 'user_compute_stream': '0', 'cudnn_conv_use_max_workspace': '1'}}
find model: /home/rio/.insightface/models/buffalo_l/w600k_r50.onnx recognition ['None', 3, 112, 112] 127.5 127.5
set det-size: (1600, 1600)
Applied providers: ['CUDAExecutionProvider', 'CPUExecutionProvider'], with options: {'CPUExecutionProvider': {}, 'CUDAExecutionProvider': {'sdpa_kernel': '0', 'use_tf32': '1', 'fuse_conv_bias': '0', 'prefer_nhwc': '0', 'tunable_op_max_tuning_duration_ms': '0', 'enable_skip_layer_norm_strict_mode': '0', 'tunable_op_tuning_enable': '0', 'tunable_op_enable': '0', 'use_ep_level_unified_stream': '0', 'device_id': '0', 'has_user_compute_stream': '0', 'gpu_external_empty_cache': '0', 'cudnn_conv_algo_search': 'EXHAUSTIVE', 'cudnn_conv1d_pad_to_nc1d': '0', 'gpu_mem_limit': '18446744073709551615', 'gpu_external_alloc': '0', 'gpu_external_free': '0', 'arena_extend_strategy': 'kNextPowerOfTwo', 'do_copy_in_default_stream': '1', 'enable_cuda_graph': '0', 'user_compute_stream': '0', 'cudnn_conv_use_max_workspace': '1'}}
find model: /home/rio/.insightface/models/buffalo_l/1k3d68.onnx landmark_3d_68 ['None', 3, 192, 192] 0.0 1.0
Applied providers: ['CUDAExecutionProvider', 'CPUExecutionProvider'], with options: {'CPUExecutionProvider': {}, 'CUDAExecutionProvider': {'sdpa_kernel': '0', 'use_tf32': '1', 'fuse_conv_bias': '0', 'prefer_nhwc': '0', 'tunable_op_max_tuning_duration_ms': '0', 'enable_skip_layer_norm_strict_mode': '0', 'tunable_op_tuning_enable': '0', 'tunable_op_enable': '0', 'use_ep_level_unified_stream': '0', 'device_id': '0', 'has_user_compute_stream': '0', 'gpu_external_empty_cache': '0', 'cudnn_conv_algo_search': 'EXHAUSTIVE', 'cudnn_conv1d_pad_to_nc1d': '0', 'gpu_mem_limit': '18446744073709551615', 'gpu_external_alloc': '0', 'gpu_external_free': '0', 'arena_extend_strategy': 'kNextPowerOfTwo', 'do_copy_in_default_stream': '1', 'enable_cuda_graph': '0', 'user_compute_stream': '0', 'cudnn_conv_use_max_workspace': '1'}}
find model: /home/rio/.insightface/models/buffalo_l/2d106det.onnx landmark_2d_106 ['None', 3, 192, 192] 0.0 1.0
Applied providers: ['CUDAExecutionProvider', 'CPUExecutionProvider'], with options: {'CPUExecutionProvider': {}, 'CUDAExecutionProvider': {'sdpa_kernel': '0', 'use_tf32': '1', 'fuse_conv_bias': '0', 'prefer_nhwc': '0', 'tunable_op_max_tuning_duration_ms': '0', 'enable_skip_layer_norm_strict_mode': '0', 'tunable_op_tuning_enable': '0', 'tunable_op_enable': '0', 'use_ep_level_unified_stream': '0', 'device_id': '0', 'has_user_compute_stream': '0', 'gpu_external_empty_cache': '0', 'cudnn_conv_algo_search': 'EXHAUSTIVE', 'cudnn_conv1d_pad_to_nc1d': '0', 'gpu_mem_limit': '18446744073709551615', 'gpu_external_alloc': '0', 'gpu_external_free': '0', 'arena_extend_strategy': 'kNextPowerOfTwo', 'do_copy_in_default_stream': '1', 'enable_cuda_graph': '0', 'user_compute_stream': '0', 'cudnn_conv_use_max_workspace': '1'}}
find model: /home/rio/.insightface/models/buffalo_l/det_10g.onnx detection [1, 3, '?', '?'] 127.5 128.0
Applied providers: ['CUDAExecutionProvider', 'CPUExecutionProvider'], with options: {'CPUExecutionProvider': {}, 'CUDAExecutionProvider': {'sdpa_kernel': '0', 'use_tf32': '1', 'fuse_conv_bias': '0', 'prefer_nhwc': '0', 'tunable_op_max_tuning_duration_ms': '0', 'enable_skip_layer_norm_strict_mode': '0', 'tunable_op_tuning_enable': '0', 'tunable_op_enable': '0', 'use_ep_level_unified_stream': '0', 'device_id': '0', 'has_user_compute_stream': '0', 'gpu_external_empty_cache': '0', 'cudnn_conv_algo_search': 'EXHAUSTIVE', 'cudnn_conv1d_pad_to_nc1d': '0', 'gpu_mem_limit': '18446744073709551615', 'gpu_external_alloc': '0', 'gpu_external_free': '0', 'arena_extend_strategy': 'kNextPowerOfTwo', 'do_copy_in_default_stream': '1', 'enable_cuda_graph': '0', 'user_compute_stream': '0', 'cudnn_conv_use_max_workspace': '1'}}
find model: /home/rio/.insightface/models/buffalo_l/genderage.onnx genderage ['None', 3, 96, 96] 0.0 1.0
Applied providers: ['CUDAExecutionProvider', 'CPUExecutionProvider'], with options: {'CPUExecutionProvider': {}, 'CUDAExecutionProvider': {'sdpa_kernel': '0', 'use_tf32': '1', 'fuse_conv_bias': '0', 'prefer_nhwc': '0', 'tunable_op_max_tuning_duration_ms': '0', 'enable_skip_layer_norm_strict_mode': '0', 'tunable_op_tuning_enable': '0', 'tunable_op_enable': '0', 'use_ep_level_unified_stream': '0', 'device_id': '0', 'has_user_compute_stream': '0', 'gpu_external_empty_cache': '0', 'cudnn_conv_algo_search': 'EXHAUSTIVE', 'cudnn_conv1d_pad_to_nc1d': '0', 'gpu_mem_limit': '18446744073709551615', 'gpu_external_alloc': '0', 'gpu_external_free': '0', 'arena_extend_strategy': 'kNextPowerOfTwo', 'do_copy_in_default_stream': '1', 'enable_cuda_graph': '0', 'user_compute_stream': '0', 'cudnn_conv_use_max_workspace': '1'}}
find model: /home/rio/.insightface/models/buffalo_l/w600k_r50.onnx recognition ['None', 3, 112, 112] 127.5 127.5
set det-size: (1024, 1024)
Applied providers: ['CUDAExecutionProvider', 'CPUExecutionProvider'], with options: {'CPUExecutionProvider': {}, 'CUDAExecutionProvider': {'sdpa_kernel': '0', 'use_tf32': '1', 'fuse_conv_bias': '0', 'prefer_nhwc': '0', 'tunable_op_max_tuning_duration_ms': '0', 'enable_skip_layer_norm_strict_mode': '0', 'tunable_op_tuning_enable': '0', 'tunable_op_enable': '0', 'use_ep_level_unified_stream': '0', 'device_id': '0', 'has_user_compute_stream': '0', 'gpu_external_empty_cache': '0', 'cudnn_conv_algo_search': 'EXHAUSTIVE', 'cudnn_conv1d_pad_to_nc1d': '0', 'gpu_mem_limit': '18446744073709551615', 'gpu_external_alloc': '0', 'gpu_external_free': '0', 'arena_extend_strategy': 'kNextPowerOfTwo', 'do_copy_in_default_stream': '1', 'enable_cuda_graph': '0', 'user_compute_stream': '0', 'cudnn_conv_use_max_workspace': '1'}}
find model: /home/rio/.insightface/models/buffalo_l/1k3d68.onnx landmark_3d_68 ['None', 3, 192, 192] 0.0 1.0
Applied providers: ['CUDAExecutionProvider', 'CPUExecutionProvider'], with options: {'CPUExecutionProvider': {}, 'CUDAExecutionProvider': {'sdpa_kernel': '0', 'use_tf32': '1', 'fuse_conv_bias': '0', 'prefer_nhwc': '0', 'tunable_op_max_tuning_duration_ms': '0', 'enable_skip_layer_norm_strict_mode': '0', 'tunable_op_tuning_enable': '0', 'tunable_op_enable': '0', 'use_ep_level_unified_stream': '0', 'device_id': '0', 'has_user_compute_stream': '0', 'gpu_external_empty_cache': '0', 'cudnn_conv_algo_search': 'EXHAUSTIVE', 'cudnn_conv1d_pad_to_nc1d': '0', 'gpu_mem_limit': '18446744073709551615', 'gpu_external_alloc': '0', 'gpu_external_free': '0', 'arena_extend_strategy': 'kNextPowerOfTwo', 'do_copy_in_default_stream': '1', 'enable_cuda_graph': '0', 'user_compute_stream': '0', 'cudnn_conv_use_max_workspace': '1'}}
find model: /home/rio/.insightface/models/buffalo_l/2d106det.onnx landmark_2d_106 ['None', 3, 192, 192] 0.0 1.0
Applied providers: ['CUDAExecutionProvider', 'CPUExecutionProvider'], with options: {'CPUExecutionProvider': {}, 'CUDAExecutionProvider': {'sdpa_kernel': '0', 'use_tf32': '1', 'fuse_conv_bias': '0', 'prefer_nhwc': '0', 'tunable_op_max_tuning_duration_ms': '0', 'enable_skip_layer_norm_strict_mode': '0', 'tunable_op_tuning_enable': '0', 'tunable_op_enable': '0', 'use_ep_level_unified_stream': '0', 'device_id': '0', 'has_user_compute_stream': '0', 'gpu_external_empty_cache': '0', 'cudnn_conv_algo_search': 'EXHAUSTIVE', 'cudnn_conv1d_pad_to_nc1d': '0', 'gpu_mem_limit': '18446744073709551615', 'gpu_external_alloc': '0', 'gpu_external_free': '0', 'arena_extend_strategy': 'kNextPowerOfTwo', 'do_copy_in_default_stream': '1', 'enable_cuda_graph': '0', 'user_compute_stream': '0', 'cudnn_conv_use_max_workspace': '1'}}
find model: /home/rio/.insightface/models/buffalo_l/det_10g.onnx detection [1, 3, '?', '?'] 127.5 128.0
Applied providers: ['CUDAExecutionProvider', 'CPUExecutionProvider'], with options: {'CPUExecutionProvider': {}, 'CUDAExecutionProvider': {'sdpa_kernel': '0', 'use_tf32': '1', 'fuse_conv_bias': '0', 'prefer_nhwc': '0', 'tunable_op_max_tuning_duration_ms': '0', 'enable_skip_layer_norm_strict_mode': '0', 'tunable_op_tuning_enable': '0', 'tunable_op_enable': '0', 'use_ep_level_unified_stream': '0', 'device_id': '0', 'has_user_compute_stream': '0', 'gpu_external_empty_cache': '0', 'cudnn_conv_algo_search': 'EXHAUSTIVE', 'cudnn_conv1d_pad_to_nc1d': '0', 'gpu_mem_limit': '18446744073709551615', 'gpu_external_alloc': '0', 'gpu_external_free': '0', 'arena_extend_strategy': 'kNextPowerOfTwo', 'do_copy_in_default_stream': '1', 'enable_cuda_graph': '0', 'user_compute_stream': '0', 'cudnn_conv_use_max_workspace': '1'}}
find model: /home/rio/.insightface/models/buffalo_l/genderage.onnx genderage ['None', 3, 96, 96] 0.0 1.0
Applied providers: ['CUDAExecutionProvider', 'CPUExecutionProvider'], with options: {'CPUExecutionProvider': {}, 'CUDAExecutionProvider': {'sdpa_kernel': '0', 'use_tf32': '1', 'fuse_conv_bias': '0', 'prefer_nhwc': '0', 'tunable_op_max_tuning_duration_ms': '0', 'enable_skip_layer_norm_strict_mode': '0', 'tunable_op_tuning_enable': '0', 'tunable_op_enable': '0', 'use_ep_level_unified_stream': '0', 'device_id': '0', 'has_user_compute_stream': '0', 'gpu_external_empty_cache': '0', 'cudnn_conv_algo_search': 'EXHAUSTIVE', 'cudnn_conv1d_pad_to_nc1d': '0', 'gpu_mem_limit': '18446744073709551615', 'gpu_external_alloc': '0', 'gpu_external_free': '0', 'arena_extend_strategy': 'kNextPowerOfTwo', 'do_copy_in_default_stream': '1', 'enable_cuda_graph': '0', 'user_compute_stream': '0', 'cudnn_conv_use_max_workspace': '1'}}
find model: /home/rio/.insightface/models/buffalo_l/w600k_r50.onnx recognition ['None', 3, 112, 112] 127.5 127.5
set det-size: (800, 800)
🟢 Script started...

🔍 Sorting faces:   0%|          | 0/30 [00:00<?, ?it/s]
🔍 Sorting faces:   3%|3         | 1/30 [00:00<00:21,  1.32it/s]
🔍 Sorting faces:   7%|6         | 2/30 [00:01<00:19,  1.42it/s]
🔍 Sorting faces:  10%|#         | 3/30 [00:01<00:14,  1.89it/s]
🔍 Sorting faces:  13%|#3        | 4/30 [00:02<00:13,  1.91it/s]
🔍 Sorting faces:  17%|#6        | 5/30 [00:03<00:16,  1.47it/s]
🔍 Sorting faces:  20%|##        | 6/30 [00:03<00:14,  1.70it/s]
🔍 Sorting faces:  23%|##3       | 7/30 [00:04<00:12,  1.90it/s]
🔍 Sorting faces:  27%|##6       | 8/30 [00:04<00:10,  2.03it/s]
🔍 Sorting faces:  30%|###       | 9/30 [00:04<00:09,  2.14it/s]
🔍 Sorting faces:  33%|###3      | 10/30 [00:05<00:09,  2.12it/s]
🔍 Sorting faces:  37%|###6      | 11/30 [00:05<00:08,  2.16it/s]
🔍 Sorting faces:  40%|####      | 12/30 [00:06<00:08,  2.10it/s]
🔍 Sorting faces:  43%|####3     | 13/30 [00:06<00:08,  1.91it/s]
🔍 Sorting faces:  47%|####6     | 14/30 [00:08<00:11,  1.41it/s]
🔍 Sorting faces:  50%|#####     | 15/30 [00:08<00:09,  1.56it/s]
🔍 Sorting faces:  53%|#####3    | 16/30 [00:09<00:08,  1.57it/s]
🔍 Sorting faces:  57%|#####6    | 17/30 [00:09<00:07,  1.79it/s]
🔍 Sorting faces:  60%|######    | 18/30 [00:10<00:06,  1.75it/s]
🔍 Sorting faces:  63%|######3   | 19/30 [00:10<00:05,  2.11it/s]
🔍 Sorting faces:  67%|######6   | 20/30 [00:10<00:05,  1.99it/s]
🔍 Sorting faces:  70%|#######   | 21/30 [00:11<00:03,  2.27it/s]
🔍 Sorting faces:  73%|#######3  | 22/30 [00:11<00:03,  2.14it/s]
🔍 Sorting faces:  77%|#######6  | 23/30 [00:12<00:02,  2.40it/s]
🔍 Sorting faces:  80%|########  | 24/30 [00:12<00:02,  2.19it/s]
🔍 Sorting faces:  83%|########3 | 25/30 [00:12<00:02,  2.44it/s]
🔍 Sorting faces:  87%|########6 | 26/30 [00:13<00:01,  2.25it/s]
🔍 Sorting faces:  90%|######### | 27/30 [00:13<00:01,  2.47it/s]
🔍 Sorting faces:  93%|#########3| 28/30 [00:14<00:00,  2.25it/s]
🔍 Sorting faces:  97%|#########6| 29/30 [00:14<00:00,  2.66it/s]
🔍 Sorting faces: 100%|##########| 30/30 [00:14<00:00,  2.98it/s]
🔍 Sorting faces: 100%|##########| 30/30 [00:14<00:00,  2.03it/s]
✅ Sorting loop completed, preparing summary.
📁 Output: media/Sorted faces (2025-05-31 15-07-48)
✅ Sorting complete.
✅ Script completed.
✅ Script completed.
